<?xml version="1.0" encoding="UTF-8"?>
<!-- Generated by org.testng.reporters.JUnitReportReporter -->
<testsuite hostname="DFW22AAA081819" failures="0" tests="21" name="com.deal4loans.qa.tests.HomePageTest" time="47.578" errors="0" timestamp="2021-10-05T22:27:03 CDT" skipped="0">
  <testcase classname="com.deal4loans.qa.tests.HomePageTest" name="testCase1" time="7.825"/>
  <system-out/>
  <testcase classname="com.deal4loans.qa.tests.HomePageTest" name="tableTest" time="2.235"/>
  <system-out/>
  <testcase classname="com.deal4loans.qa.tests.HomePageTest" name="tableTest" time="2.470"/>
  <system-out/>
  <testcase classname="com.deal4loans.qa.tests.HomePageTest" name="tableTest" time="2.376"/>
  <system-out/>
  <testcase classname="com.deal4loans.qa.tests.HomePageTest" name="tableTest" time="2.245"/>
  <system-out/>
  <testcase classname="com.deal4loans.qa.tests.HomePageTest" name="tableTest" time="5.190"/>
  <system-out/>
  <testcase classname="com.deal4loans.qa.tests.HomePageTest" name="columnCountTest" time="1.464"/>
  <system-out/>
  <testcase classname="com.deal4loans.qa.tests.HomePageTest" name="tableTest" time="2.250"/>
  <system-out/>
  <testcase classname="com.deal4loans.qa.tests.HomePageTest" name="tableTest" time="2.375"/>
  <system-out/>
  <testcase classname="com.deal4loans.qa.tests.HomePageTest" name="rowCountTest" time="0.131"/>
  <system-out/>
  <testcase classname="com.deal4loans.qa.tests.HomePageTest" name="tableTest" time="3.656"/>
  <system-out/>
  <testcase classname="com.deal4loans.qa.tests.HomePageTest" name="tableTest" time="2.674"/>
  <system-out/>
  <testcase classname="com.deal4loans.qa.tests.HomePageTest" name="tableTest" time="3.019"/>
  <system-out/>
  <testcase classname="com.deal4loans.qa.tests.HomePageTest" name="tableTest" time="2.531"/>
  <system-out/>
  <testcase classname="com.deal4loans.qa.tests.HomePageTest" name="tableTest" time="2.536"/>
  <system-out/>
  <testcase classname="com.deal4loans.qa.tests.HomePageTest" name="noLoanAmountAlertTest" time="0.145"/>
  <system-out/>
  <testcase classname="com.deal4loans.qa.tests.HomePageTest" name="enterAmountTest" time="2.430"/>
  <system-out/>
  <testcase classname="com.deal4loans.qa.tests.HomePageTest" name="employmentStatusDropDownTest" time="0.340"/>
  <system-out/>
  <testcase classname="com.deal4loans.qa.tests.HomePageTest" name="employmentStatusDropDownTest" time="0.511"/>
  <system-out/>
  <testcase classname="com.deal4loans.qa.tests.HomePageTest" name="employmentStatusDropDownTest" time="0.359"/>
  <system-out/>
  <testcase classname="com.deal4loans.qa.tests.HomePageTest" name="cityDropDownTest" time="0.816"/>
  <system-out/>
</testsuite> <!-- com.deal4loans.qa.tests.HomePageTest -->
